0 silly argv {
0 silly argv   _: [ 'version' ],
0 silly argv   yes: true,
0 silly argv   y: true,
0 silly argv   m: 'auto-publish %s',
0 silly argv   message: 'auto-publish %s',
0 silly argv   lernaVersion: '8.0.1',
0 silly argv   '$0': '/home/adrian/code/aztlan/styles/node_modules/.bin/lerna',
0 silly argv   bump: 'patch'
0 silly argv }
1 notice cli v8.0.1
2 verbose packageConfigs Resolving packages based on package.json "workspaces" configuration.
3 verbose rootPath /home/adrian/code/aztlan/styles
4 info current version 0.9.1
5 silly isAnythingCommitted
6 verbose isAnythingCommitted 1
7 silly getCurrentBranch
8 verbose currentBranch development
9 silly remoteBranchExists
10 silly isBehindUpstream
11 error Error: Command failed with exit code 1: git remote update
11 error ssh: Could not resolve hostname github.com: Temporary failure in name resolution
11 error fatal: Could not read from remote repository.
11 error
11 error Please make sure you have the correct access rights
11 error and the repository exists.
11 error     at makeError (/home/adrian/code/aztlan/styles/node_modules/execa/lib/error.js:59:11)
11 error     at module.exports.sync (/home/adrian/code/aztlan/styles/node_modules/execa/index.js:186:17)
11 error     at Object.execSync (/home/adrian/code/aztlan/styles/node_modules/lerna/dist/index.js:142:31)
11 error     at updateRemote (/home/adrian/code/aztlan/styles/node_modules/lerna/dist/index.js:7773:18)
11 error     at isBehindUpstream (/home/adrian/code/aztlan/styles/node_modules/lerna/dist/index.js:7763:3)
11 error     at VersionCommand.initialize (/home/adrian/code/aztlan/styles/node_modules/lerna/dist/index.js:8054:57)
